TN:
SF:src/controllers/UsuariosController.js
FN:7,RegistrarUsuario
FN:45,login
FN:74,ListarUsuarios
FN:98,BuscarByDniUsuario
FN:131,EliminarByIdUsuario
FN:155,ActualizarByIdUsuario
FNF:6
FNH:1
FNDA:1,RegistrarUsuario
FNDA:0,login
FNDA:0,ListarUsuarios
FNDA:0,BuscarByDniUsuario
FNDA:0,EliminarByIdUsuario
FNDA:0,ActualizarByIdUsuario
DA:1,1
DA:2,1
DA:3,1
DA:10,1
DA:11,1
DA:13,1
DA:14,1
DA:15,1
DA:16,1
DA:17,1
DA:18,1
DA:19,1
DA:20,1
DA:21,1
DA:22,1
DA:24,1
DA:25,1
DA:26,1
DA:27,1
DA:29,1
DA:34,0
DA:35,0
DA:36,0
DA:37,0
DA:39,0
DA:46,0
DA:47,0
DA:48,0
DA:49,0
DA:50,0
DA:51,0
DA:52,0
DA:53,0
DA:57,0
DA:58,0
DA:59,0
DA:64,0
DA:65,0
DA:66,0
DA:67,0
DA:68,0
DA:75,0
DA:77,0
DA:78,0
DA:79,0
DA:80,0
DA:82,0
DA:87,0
DA:88,0
DA:89,0
DA:90,0
DA:92,0
DA:100,0
DA:101,0
DA:102,0
DA:103,0
DA:104,0
DA:105,0
DA:106,0
DA:108,0
DA:112,0
DA:113,0
DA:115,0
DA:120,0
DA:121,0
DA:122,0
DA:123,0
DA:126,0
DA:133,0
DA:134,0
DA:135,0
DA:136,0
DA:137,0
DA:138,0
DA:140,0
DA:144,0
DA:145,0
DA:146,0
DA:147,0
DA:149,0
DA:157,0
DA:158,0
DA:159,0
DA:160,0
DA:161,0
DA:162,0
DA:163,0
DA:164,0
DA:166,0
DA:170,0
DA:171,0
DA:172,0
DA:173,0
DA:175,0
DA:181,1
LF:95
LH:21
BRDA:49,0,0,0
BRDA:49,0,1,0
BRDA:103,1,0,0
BRDA:103,1,1,0
BRF:4
BRH:0
end_of_record
TN:
SF:src/models/AdminModel.js
FNF:0
FNH:0
DA:1,1
DA:2,1
DA:5,1
DA:36,1
LF:4
LH:4
BRF:0
BRH:0
end_of_record
TN:
SF:src/models/CitasModel.js
FNF:0
FNH:0
DA:1,1
DA:2,1
DA:5,1
DA:44,1
LF:4
LH:4
BRF:0
BRH:0
end_of_record
TN:
SF:src/models/MedicosModel.js
FNF:0
FNH:0
DA:1,1
DA:2,1
DA:5,1
DA:32,1
LF:4
LH:4
BRF:0
BRH:0
end_of_record
TN:
SF:src/models/UsuariosModel.js
FNF:0
FNH:0
DA:1,1
DA:2,1
DA:5,1
DA:51,1
LF:4
LH:4
BRF:0
BRH:0
end_of_record
TN:
SF:src/repository/AdminRepo.js
FN:5,(anonymous_0)
FN:13,(anonymous_1)
FN:21,(anonymous_2)
FN:29,(anonymous_3)
FN:37,(anonymous_4)
FNF:5
FNH:4
FNDA:2,(anonymous_0)
FNDA:2,(anonymous_1)
FNDA:2,(anonymous_2)
FNDA:2,(anonymous_3)
FNDA:0,(anonymous_4)
DA:1,1
DA:5,1
DA:6,2
DA:7,2
DA:9,1
DA:13,1
DA:14,2
DA:15,2
DA:17,1
DA:21,1
DA:22,2
DA:23,2
DA:25,0
DA:29,1
DA:30,2
DA:31,2
DA:33,1
DA:37,1
DA:38,0
DA:39,0
DA:43,0
LF:21
LH:17
BRF:0
BRH:0
end_of_record
TN:
SF:src/repository/CitasRepo.js
FN:5,(anonymous_0)
FN:13,(anonymous_1)
FN:29,(anonymous_2)
FN:37,(anonymous_3)
FN:45,(anonymous_4)
FNF:5
FNH:5
FNDA:2,(anonymous_0)
FNDA:2,(anonymous_1)
FNDA:2,(anonymous_2)
FNDA:2,(anonymous_3)
FNDA:1,(anonymous_4)
DA:1,1
DA:5,1
DA:6,2
DA:7,2
DA:9,1
DA:13,1
DA:14,2
DA:15,2
DA:17,1
DA:29,1
DA:30,2
DA:31,2
DA:33,0
DA:37,1
DA:38,2
DA:39,2
DA:41,1
DA:45,1
DA:46,1
DA:47,1
DA:52,0
LF:21
LH:19
BRF:0
BRH:0
end_of_record
TN:
SF:src/repository/MedicosRepo.js
FN:5,(anonymous_0)
FN:13,(anonymous_1)
FN:29,(anonymous_2)
FN:37,(anonymous_3)
FN:45,(anonymous_4)
FNF:5
FNH:4
FNDA:2,(anonymous_0)
FNDA:2,(anonymous_1)
FNDA:2,(anonymous_2)
FNDA:2,(anonymous_3)
FNDA:0,(anonymous_4)
DA:1,1
DA:5,1
DA:6,2
DA:7,2
DA:9,1
DA:13,1
DA:14,2
DA:15,2
DA:17,1
DA:29,1
DA:30,2
DA:31,2
DA:33,0
DA:37,1
DA:38,2
DA:39,2
DA:41,1
DA:45,1
DA:46,0
DA:47,0
DA:51,0
LF:21
LH:17
BRF:0
BRH:0
end_of_record
TN:
SF:src/repository/UsuariosRepo.js
FN:5,(anonymous_0)
FN:18,(anonymous_1)
FN:34,(anonymous_2)
FN:42,(anonymous_3)
FN:50,(anonymous_4)
FN:59,(anonymous_5)
FNF:6
FNH:5
FNDA:3,(anonymous_0)
FNDA:4,(anonymous_1)
FNDA:2,(anonymous_2)
FNDA:2,(anonymous_3)
FNDA:2,(anonymous_4)
FNDA:0,(anonymous_5)
DA:1,1
DA:2,1
DA:5,1
DA:6,3
DA:7,3
DA:9,2
DA:10,2
DA:11,1
DA:13,1
DA:18,1
DA:19,4
DA:20,4
DA:21,3
DA:22,1
DA:24,2
DA:25,2
DA:26,1
DA:28,1
DA:30,3
DA:34,1
DA:35,2
DA:36,2
DA:38,1
DA:42,1
DA:43,2
DA:44,2
DA:46,0
DA:50,1
DA:51,2
DA:52,2
DA:54,1
DA:55,1
DA:59,1
DA:60,0
DA:61,0
DA:65,0
DA:66,0
LF:37
LH:32
BRDA:10,0,0,1
BRDA:10,0,1,1
BRDA:21,1,0,1
BRDA:21,1,1,2
BRDA:25,2,0,1
BRDA:25,2,1,1
BRF:6
BRH:6
end_of_record
TN:
SF:src/utils/Response.js
FNF:0
FNH:0
DA:1,1
LF:1
LH:1
BRF:0
BRH:0
end_of_record
